<?xml version="1.0" encoding="utf-8"?><testsuites name="pytest tests"><testsuite name="pytest" errors="0" failures="0" skipped="0" tests="32" time="58.522" timestamp="2026-04-01T08:25:57.168881+00:00" hostname="agent-env-b627773b-bcb4-4376-b872-dba68fbbded4"><testcase classname="backend.tests.test_petbookin_api.TestHealth" name="test_health_endpoint" time="0.125" /><testcase classname="backend.tests.test_petbookin_api.TestAuth" name="test_register_new_user" time="0.328" /><testcase classname="backend.tests.test_petbookin_api.TestAuth" name="test_register_duplicate_email" time="0.658" /><testcase classname="backend.tests.test_petbookin_api.TestAuth" name="test_login_admin" time="0.327" /><testcase classname="backend.tests.test_petbookin_api.TestAuth" name="test_login_invalid_credentials" time="0.323" /><testcase classname="backend.tests.test_petbookin_api.TestAuth" name="test_get_me_authenticated" time="0.431" /><testcase classname="backend.tests.test_petbookin_api.TestAuth" name="test_get_me_unauthenticated" time="0.103" /><testcase classname="backend.tests.test_petbookin_api.TestPets" name="test_create_pet" time="0.422" /><testcase classname="backend.tests.test_petbookin_api.TestPets" name="test_get_my_pets" time="0.418" /><testcase classname="backend.tests.test_petbookin_api.TestPets" name="test_get_pet_by_id" time="0.514" /><testcase classname="backend.tests.test_petbookin_api.TestPets" name="test_update_pet" time="0.539" /><testcase classname="backend.tests.test_petbookin_api.TestPets" name="test_delete_pet" time="0.643" /><testcase classname="backend.tests.test_petbookin_api.TestFeed" name="test_create_post" time="0.451" /><testcase classname="backend.tests.test_petbookin_api.TestFeed" name="test_get_posts" time="0.419" /><testcase classname="backend.tests.test_petbookin_api.TestFeed" name="test_like_post" time="0.619" /><testcase classname="backend.tests.test_petbookin_api.TestFeed" name="test_add_comment" time="0.544" /><testcase classname="backend.tests.test_petbookin_api.TestFeed" name="test_get_comments" time="0.619" /><testcase classname="backend.tests.test_petbookin_api.TestFeed" name="test_delete_post" time="0.524" /><testcase classname="backend.tests.test_petbookin_api.TestBreeder" name="test_register_as_breeder" time="0.428" /><testcase classname="backend.tests.test_petbookin_api.TestBreeder" name="test_add_external_credential" time="0.537" /><testcase classname="backend.tests.test_petbookin_api.TestBreeder" name="test_request_petbookin_credential" time="20.041" /><testcase classname="backend.tests.test_petbookin_api.TestBreeder" name="test_breeder_directory" time="0.460" /><testcase classname="backend.tests.test_petbookin_api.TestAdmin" name="test_get_admin_stats" time="20.005" /><testcase classname="backend.tests.test_petbookin_api.TestAdmin" name="test_list_users" time="0.448" /><testcase classname="backend.tests.test_petbookin_api.TestAdmin" name="test_assign_role" time="4.894" /><testcase classname="backend.tests.test_petbookin_api.TestAdmin" name="test_assign_tier" time="0.743" /><testcase classname="backend.tests.test_petbookin_api.TestAdmin" name="test_admin_access_denied_for_regular_user" time="0.748" /><testcase classname="backend.tests.test_petbookin_api.TestSearch" name="test_search_all" time="0.426" /><testcase classname="backend.tests.test_petbookin_api.TestSearch" name="test_search_pets_only" time="0.439" /><testcase classname="backend.tests.test_petbookin_api.TestSearch" name="test_search_users_only" time="0.423" /><testcase classname="backend.tests.test_petbookin_api.TestProfileAndTheme" name="test_update_profile" time="0.426" /><testcase classname="backend.tests.test_petbookin_api.TestProfileAndTheme" name="test_update_theme" time="0.432" /></testsuite></testsuites>