<?xml version="1.0" encoding="utf-8"?><testsuites name="pytest tests"><testsuite name="pytest" errors="0" failures="0" skipped="0" tests="14" time="9.950" timestamp="2026-04-02T19:07:16.622932+00:00" hostname="agent-env-b627773b-bcb4-4376-b872-dba68fbbded4"><testcase classname="backend.tests.test_iteration13_bugfixes.TestAdminAuth" name="test_admin_login_success" time="0.413" /><testcase classname="backend.tests.test_iteration13_bugfixes.TestAdminAuth" name="test_admin_me_endpoint" time="0.457" /><testcase classname="backend.tests.test_iteration13_bugfixes.TestGeocodeAPI" name="test_geocode_zip_90210" time="0.533" /><testcase classname="backend.tests.test_iteration13_bugfixes.TestGeocodeAPI" name="test_geocode_city_name" time="0.167" /><testcase classname="backend.tests.test_iteration13_bugfixes.TestPlacesSearchAPI" name="test_places_search_vet" time="0.441" /><testcase classname="backend.tests.test_iteration13_bugfixes.TestPlacesSearchAPI" name="test_places_search_pet_store" time="5.832" /><testcase classname="backend.tests.test_iteration13_bugfixes.TestPlacesSearchAPI" name="test_places_search_dog_park" time="0.160" /><testcase classname="backend.tests.test_iteration13_bugfixes.TestAdminEndpoints" name="test_admin_cleanup_test_data" time="0.436" /><testcase classname="backend.tests.test_iteration13_bugfixes.TestAdminEndpoints" name="test_admin_setup_breeder" time="0.138" /><testcase classname="backend.tests.test_iteration13_bugfixes.TestAdminEndpoints" name="test_admin_stats" time="0.118" /><testcase classname="backend.tests.test_iteration13_bugfixes.TestDataCleanup" name="test_pets_mine_empty_or_minimal" time="0.465" /><testcase classname="backend.tests.test_iteration13_bugfixes.TestDataCleanup" name="test_feed_posts_empty_or_minimal" time="0.114" /><testcase classname="backend.tests.test_iteration13_bugfixes.TestDataCleanup" name="test_marketplace_listings" time="0.129" /><testcase classname="backend.tests.test_iteration13_bugfixes.TestBreederVerification" name="test_admin_has_breeder_info" time="0.478" /></testsuite></testsuites>