<?xml version="1.0" encoding="utf-8"?><testsuites name="pytest tests"><testsuite name="pytest" errors="0" failures="0" skipped="0" tests="15" time="3.688" timestamp="2026-04-02T18:12:46.113803+00:00" hostname="agent-env-b627773b-bcb4-4376-b872-dba68fbbded4"><testcase classname="backend.tests.test_iteration12_marketplace_payments.TestMarketplacePayments" name="test_01_seller_setup_endpoint" time="0.868" /><testcase classname="backend.tests.test_iteration12_marketplace_payments.TestMarketplacePayments" name="test_02_seller_status_connected" time="0.124" /><testcase classname="backend.tests.test_iteration12_marketplace_payments.TestMarketplacePayments" name="test_03_non_seller_status" time="0.115" /><testcase classname="backend.tests.test_iteration12_marketplace_payments.TestMarketplacePayments" name="test_04_create_test_listing" time="0.147" /><testcase classname="backend.tests.test_iteration12_marketplace_payments.TestMarketplacePayments" name="test_05_get_listings_shows_active" time="0.133" /><testcase classname="backend.tests.test_iteration12_marketplace_payments.TestMarketplacePayments" name="test_06_buy_listing_creates_checkout" time="0.682" /><testcase classname="backend.tests.test_iteration12_marketplace_payments.TestMarketplacePayments" name="test_07_cannot_buy_own_listing" time="0.183" /><testcase classname="backend.tests.test_iteration12_marketplace_payments.TestMarketplacePayments" name="test_08_buy_nonexistent_listing" time="0.110" /><testcase classname="backend.tests.test_iteration12_marketplace_payments.TestMarketplacePayments" name="test_09_purchase_status_requires_valid_session" time="0.132" /><testcase classname="backend.tests.test_iteration12_marketplace_payments.TestMarketplacePayments" name="test_10_seller_sales_endpoint" time="0.110" /><testcase classname="backend.tests.test_iteration12_marketplace_payments.TestMarketplacePayments" name="test_11_buyer_purchases_endpoint" time="0.122" /><testcase classname="backend.tests.test_iteration12_marketplace_payments.TestMarketplacePayments" name="test_12_admin_transactions_endpoint" time="0.132" /><testcase classname="backend.tests.test_iteration12_marketplace_payments.TestMarketplacePayments" name="test_13_admin_transactions_forbidden_for_non_admin" time="0.127" /><testcase classname="backend.tests.test_iteration12_marketplace_payments.TestMarketplacePayments" name="test_14_subscription_checkout_still_works" time="0.527" /><testcase classname="backend.tests.test_iteration12_marketplace_payments.TestMarketplacePayments" name="test_99_cleanup_test_listing" time="0.107" /></testsuite></testsuites>