<?xml version="1.0" encoding="utf-8"?><testsuites name="pytest tests"><testsuite name="pytest" errors="0" failures="0" skipped="0" tests="20" time="10.007" timestamp="2026-04-03T04:25:25.799908+00:00" hostname="agent-env-b627773b-bcb4-4376-b872-dba68fbbded4"><testcase classname="tests.test_iteration16_comprehensive.TestHealthCheck" name="test_health_endpoint" time="0.186" /><testcase classname="tests.test_iteration16_comprehensive.TestAuthRegister" name="test_register_new_user" time="0.336" /><testcase classname="tests.test_iteration16_comprehensive.TestAuthRegister" name="test_register_duplicate_email" time="0.467" /><testcase classname="tests.test_iteration16_comprehensive.TestAuthLogin" name="test_login_admin" time="0.439" /><testcase classname="tests.test_iteration16_comprehensive.TestAuthLogin" name="test_login_invalid_credentials" time="0.336" /><testcase classname="tests.test_iteration16_comprehensive.TestAuthMe" name="test_get_current_user" time="0.482" /><testcase classname="tests.test_iteration16_comprehensive.TestAuthMe" name="test_get_current_user_no_token" time="0.107" /><testcase classname="tests.test_iteration16_comprehensive.TestFeedPosts" name="test_get_feed_posts" time="0.459" /><testcase classname="tests.test_iteration16_comprehensive.TestFeedPosts" name="test_create_post" time="0.449" /><testcase classname="tests.test_iteration16_comprehensive.TestFeedPosts" name="test_delete_own_post" time="0.562" /><testcase classname="tests.test_iteration16_comprehensive.TestFeedPosts" name="test_admin_delete_any_post" time="0.522" /><testcase classname="tests.test_iteration16_comprehensive.TestFeedPosts" name="test_like_post" time="0.869" /><testcase classname="tests.test_iteration16_comprehensive.TestAdminEndpoints" name="test_get_admin_stats" time="0.480" /><testcase classname="tests.test_iteration16_comprehensive.TestAdminEndpoints" name="test_get_admin_users" time="0.436" /><testcase classname="tests.test_iteration16_comprehensive.TestAdminEndpoints" name="test_cleanup_test_data" time="0.434" /><testcase classname="tests.test_iteration16_comprehensive.TestAdminEndpoints" name="test_cleanup_with_delete_all_posts" time="0.577" /><testcase classname="tests.test_iteration16_comprehensive.TestNonAdminAccess" name="test_non_admin_cannot_access_stats" time="0.418" /><testcase classname="tests.test_iteration16_comprehensive.TestPostDeletionPermissions" name="test_author_can_delete_own_post" time="0.523" /><testcase classname="tests.test_iteration16_comprehensive.TestPostDeletionPermissions" name="test_admin_can_delete_others_post" time="0.893" /><testcase classname="tests.test_iteration16_comprehensive.TestPostDeletionPermissions" name="test_user_cannot_delete_others_post" time="0.955" /></testsuite></testsuites>