<?xml version="1.0" encoding="utf-8"?><testsuites name="pytest tests"><testsuite name="pytest" errors="0" failures="0" skipped="1" tests="17" time="6.253" timestamp="2026-04-03T09:05:02.196034+00:00" hostname="agent-env-b627773b-bcb4-4376-b872-dba68fbbded4"><testcase classname="backend.tests.test_iteration18_games_coins.TestGamesLivesCoins" name="test_get_games_returns_7_games" time="0.495" /><testcase classname="backend.tests.test_iteration18_games_coins.TestGamesLivesCoins" name="test_get_lives" time="0.400" /><testcase classname="backend.tests.test_iteration18_games_coins.TestGamesLivesCoins" name="test_use_life" time="0.498" /><testcase classname="backend.tests.test_iteration18_games_coins.TestGamesLivesCoins" name="test_use_life_no_lives_remaining" time="0.595" /><testcase classname="backend.tests.test_iteration18_games_coins.TestGamesLivesCoins" name="test_buy_life_insufficient_coins" time="0.462" /><testcase classname="backend.tests.test_iteration18_games_coins.TestGamesLivesCoins" name="test_buy_life_with_coins" time="0.373"><skipped type="pytest.skip" message="User has only 0 coins, need 20 to test buy-life">/app/backend/tests/test_iteration18_games_coins.py:155: User has only 0 coins, need 20 to test buy-life</skipped></testcase><testcase classname="backend.tests.test_iteration18_games_coins.TestGamesLivesCoins" name="test_get_coin_packages" time="0.378" /><testcase classname="backend.tests.test_iteration18_games_coins.TestGamesLivesCoins" name="test_buy_coins_creates_checkout_session" time="0.368" /><testcase classname="backend.tests.test_iteration18_games_coins.TestGamesLivesCoins" name="test_buy_coins_invalid_package" time="0.380" /><testcase classname="backend.tests.test_iteration18_games_coins.TestGamesLivesCoins" name="test_get_weekly_awards" time="0.379" /><testcase classname="backend.tests.test_iteration18_games_coins.TestGamesLivesCoins" name="test_submit_paw_match" time="0.376" /><testcase classname="backend.tests.test_iteration18_games_coins.TestGamesLivesCoins" name="test_submit_memory_game" time="0.385" /><testcase classname="backend.tests.test_iteration18_games_coins.TestGamesLivesCoins" name="test_submit_word_scramble" time="0.390" /><testcase classname="backend.tests.test_iteration18_games_coins.TestGamesLivesCoins" name="test_get_leaderboard" time="0.376" /><testcase classname="backend.tests.test_iteration18_games_coins.TestGamesUnauthenticated" name="test_lives_requires_auth" time="0.115" /><testcase classname="backend.tests.test_iteration18_games_coins.TestGamesUnauthenticated" name="test_coin_packages_requires_auth" time="0.103" /><testcase classname="backend.tests.test_iteration18_games_coins.TestGamesUnauthenticated" name="test_weekly_awards_requires_auth" time="0.094" /></testsuite></testsuites>