<?xml version="1.0" encoding="utf-8"?><testsuites name="pytest tests"><testsuite name="pytest" errors="0" failures="0" skipped="0" tests="17" time="8.070" timestamp="2026-04-02T19:39:33.514361+00:00" hostname="agent-env-b627773b-bcb4-4376-b872-dba68fbbded4"><testcase classname="tests.test_iteration14_blocking_reporting.TestBlockUser" name="test_block_user_success" time="1.573" /><testcase classname="tests.test_iteration14_blocking_reporting.TestBlockUser" name="test_cannot_block_self" time="0.147" /><testcase classname="tests.test_iteration14_blocking_reporting.TestBlockUser" name="test_block_nonexistent_user" time="0.106" /><testcase classname="tests.test_iteration14_blocking_reporting.TestBlockUser" name="test_list_blocked_users" time="0.131" /><testcase classname="tests.test_iteration14_blocking_reporting.TestBlockUser" name="test_get_blocked_ids" time="0.165" /><testcase classname="tests.test_iteration14_blocking_reporting.TestBlockUser" name="test_unblock_user" time="0.114" /><testcase classname="tests.test_iteration14_blocking_reporting.TestBlockUser" name="test_unblock_not_blocked_user" time="0.112" /><testcase classname="tests.test_iteration14_blocking_reporting.TestReportUser" name="test_report_user_success" time="1.076" /><testcase classname="tests.test_iteration14_blocking_reporting.TestReportUser" name="test_report_requires_reason" time="0.106" /><testcase classname="tests.test_iteration14_blocking_reporting.TestReportUser" name="test_report_requires_target" time="0.104" /><testcase classname="tests.test_iteration14_blocking_reporting.TestAdminReports" name="test_admin_view_reports" time="0.461" /><testcase classname="tests.test_iteration14_blocking_reporting.TestAdminReports" name="test_admin_view_all_reports" time="0.120" /><testcase classname="tests.test_iteration14_blocking_reporting.TestAdminReports" name="test_non_admin_cannot_view_reports" time="0.561" /><testcase classname="tests.test_iteration14_blocking_reporting.TestAdminReports" name="test_admin_resolve_report" time="0.677" /><testcase classname="tests.test_iteration14_blocking_reporting.TestFeedFiltering" name="test_feed_filters_blocked_users" time="1.367" /><testcase classname="tests.test_iteration14_blocking_reporting.TestMySpaceTheme" name="test_save_profile_theme" time="0.689" /><testcase classname="tests.test_iteration14_blocking_reporting.TestCleanup" name="test_cleanup_test_users" time="0.485" /></testsuite></testsuites>