<?xml version="1.0" encoding="utf-8"?><testsuites name="pytest tests"><testsuite name="pytest" errors="0" failures="0" skipped="0" tests="19" time="7.192" timestamp="2026-04-02T16:27:25.555159+00:00" hostname="agent-env-b627773b-bcb4-4376-b872-dba68fbbded4"><testcase classname="backend.tests.test_iteration11_tournaments.TestActiveTournaments" name="test_get_active_tournaments_returns_list" time="0.594" /><testcase classname="backend.tests.test_iteration11_tournaments.TestActiveTournaments" name="test_active_tournaments_seeded_with_3" time="0.114" /><testcase classname="backend.tests.test_iteration11_tournaments.TestActiveTournaments" name="test_tournament_has_required_fields" time="0.117" /><testcase classname="backend.tests.test_iteration11_tournaments.TestActiveTournaments" name="test_tournament_includes_user_entry_status" time="0.122" /><testcase classname="backend.tests.test_iteration11_tournaments.TestTournamentEntry" name="test_enter_tournament_requires_tournament_id" time="0.556" /><testcase classname="backend.tests.test_iteration11_tournaments.TestTournamentEntry" name="test_enter_tournament_requires_title" time="0.260" /><testcase classname="backend.tests.test_iteration11_tournaments.TestTournamentEntry" name="test_enter_tournament_success" time="0.225" /><testcase classname="backend.tests.test_iteration11_tournaments.TestTournamentEntry" name="test_cannot_enter_same_tournament_twice" time="0.626" /><testcase classname="backend.tests.test_iteration11_tournaments.TestTournamentEntries" name="test_get_entries_returns_list" time="0.566" /><testcase classname="backend.tests.test_iteration11_tournaments.TestTournamentEntries" name="test_entries_have_required_fields" time="0.228" /><testcase classname="backend.tests.test_iteration11_tournaments.TestTournamentVoting" name="test_cannot_vote_own_entry" time="0.552" /><testcase classname="backend.tests.test_iteration11_tournaments.TestTournamentVoting" name="test_vote_toggle_works" time="0.666" /><testcase classname="backend.tests.test_iteration11_tournaments.TestTopContributor" name="test_top_contributor_returns_data" time="0.466" /><testcase classname="backend.tests.test_iteration11_tournaments.TestTopContributor" name="test_top_10_is_list" time="0.127" /><testcase classname="backend.tests.test_iteration11_tournaments.TestPastTournaments" name="test_past_tournaments_returns_list" time="0.435" /><testcase classname="backend.tests.test_iteration11_tournaments.TestHallOfFame" name="test_hall_of_fame_returns_list" time="0.423" /><testcase classname="backend.tests.test_iteration11_tournaments.TestAdminCreateTournament" name="test_non_admin_cannot_create" time="0.440" /><testcase classname="backend.tests.test_iteration11_tournaments.TestAdminCreateTournament" name="test_admin_can_create_tournament" time="0.463" /><testcase classname="backend.tests.test_iteration11_tournaments.TestAdminCreateTournament" name="test_create_tournament_requires_title" time="0.133" /></testsuite></testsuites>