<?xml version="1.0" encoding="utf-8"?><testsuites name="pytest tests"><testsuite name="pytest" errors="0" failures="0" skipped="0" tests="14" time="6.517" timestamp="2026-04-03T05:31:56.765672+00:00" hostname="agent-env-b627773b-bcb4-4376-b872-dba68fbbded4"><testcase classname="backend.tests.test_iteration17_features.TestAuthThemeAPI" name="test_login_returns_token" time="0.347" /><testcase classname="backend.tests.test_iteration17_features.TestAuthThemeAPI" name="test_get_user_profile" time="0.415" /><testcase classname="backend.tests.test_iteration17_features.TestAuthThemeAPI" name="test_update_theme_preset" time="0.540" /><testcase classname="backend.tests.test_iteration17_features.TestAuthThemeAPI" name="test_update_theme_with_background_url" time="0.517" /><testcase classname="backend.tests.test_iteration17_features.TestAuthThemeAPI" name="test_update_theme_with_music_url" time="0.532" /><testcase classname="backend.tests.test_iteration17_features.TestFeedPostsAPI" name="test_create_post" time="0.452" /><testcase classname="backend.tests.test_iteration17_features.TestFeedPostsAPI" name="test_get_posts" time="0.439" /><testcase classname="backend.tests.test_iteration17_features.TestFeedPostsAPI" name="test_delete_post_as_admin" time="0.632" /><testcase classname="backend.tests.test_iteration17_features.TestChatAPI" name="test_get_contacts" time="0.431" /><testcase classname="backend.tests.test_iteration17_features.TestChatAPI" name="test_get_conversations" time="0.432" /><testcase classname="backend.tests.test_iteration17_features.TestChatAPI" name="test_get_unread_count" time="0.452" /><testcase classname="backend.tests.test_iteration17_features.TestChatAPI" name="test_get_groups" time="0.432" /><testcase classname="backend.tests.test_iteration17_features.TestUploadAPI" name="test_upload_endpoint_exists" time="0.414" /><testcase classname="backend.tests.test_iteration17_features.TestCleanup" name="test_reset_theme_to_default" time="0.431" /></testsuite></testsuites>