<?xml version="1.0" encoding="utf-8"?><testsuites name="pytest tests"><testsuite name="pytest" errors="0" failures="0" skipped="0" tests="22" time="40.072" timestamp="2026-04-01T20:28:21.909126+00:00" hostname="agent-env-b627773b-bcb4-4376-b872-dba68fbbded4"><testcase classname="backend.tests.test_phase3_features.TestHealthAndAuth" name="test_health_check" time="0.170" /><testcase classname="backend.tests.test_phase3_features.TestHealthAndAuth" name="test_admin_login" time="0.379" /><testcase classname="backend.tests.test_phase3_features.TestPlacesAPI" name="test_geocode_miami" time="0.897" /><testcase classname="backend.tests.test_phase3_features.TestPlacesAPI" name="test_geocode_new_york" time="1.110" /><testcase classname="backend.tests.test_phase3_features.TestPlacesAPI" name="test_search_pet_stores_miami" time="1.703" /><testcase classname="backend.tests.test_phase3_features.TestPlacesAPI" name="test_search_vets" time="2.548" /><testcase classname="backend.tests.test_phase3_features.TestPlacesAPI" name="test_search_dog_parks" time="5.877" /><testcase classname="backend.tests.test_phase3_features.TestPlacesAPI" name="test_search_groomers" time="5.987" /><testcase classname="backend.tests.test_phase3_features.TestPlacesAPI" name="test_search_parks" time="5.885" /><testcase classname="backend.tests.test_phase3_features.TestPlacesAPI" name="test_search_invalid_type_defaults_to_vet" time="6.140" /><testcase classname="backend.tests.test_phase3_features.TestAllSpeciesSupport" name="test_create_pet_with_each_species" time="3.305" /><testcase classname="backend.tests.test_phase3_features.TestCertificatesAllSpecies" name="test_certificate_fees_endpoint" time="0.452" /><testcase classname="backend.tests.test_phase3_features.TestCertificatesAllSpecies" name="test_register_certificate_exotic_species" time="0.680" /><testcase classname="backend.tests.test_phase3_features.TestBreederRegistries" name="test_breeder_status" time="0.466" /><testcase classname="backend.tests.test_phase3_features.TestBreederRegistries" name="test_add_external_credential_various_registries" time="1.047" /><testcase classname="backend.tests.test_phase3_features.TestRegressionPhase1And2" name="test_feed_posts" time="0.456" /><testcase classname="backend.tests.test_phase3_features.TestRegressionPhase1And2" name="test_pet_of_the_week" time="0.526" /><testcase classname="backend.tests.test_phase3_features.TestRegressionPhase1And2" name="test_my_pets" time="0.489" /><testcase classname="backend.tests.test_phase3_features.TestRegressionPhase1And2" name="test_my_certificates" time="0.444" /><testcase classname="backend.tests.test_phase3_features.TestRegressionPhase1And2" name="test_breeder_directory" time="0.486" /><testcase classname="backend.tests.test_phase3_features.TestRegressionPhase1And2" name="test_search" time="0.460" /><testcase classname="backend.tests.test_phase3_features.TestRegressionPhase1And2" name="test_admin_stats" time="0.480" /></testsuite></testsuites>