<?xml version="1.0" encoding="utf-8"?><testsuites name="pytest tests"><testsuite name="pytest" errors="0" failures="2" skipped="0" tests="29" time="5.232" timestamp="2026-04-01T21:34:47.695527+00:00" hostname="agent-env-b627773b-bcb4-4376-b872-dba68fbbded4"><testcase classname="backend.tests.test_iteration5_features.TestPaymentHistory" name="test_payment_history_requires_auth" time="0.221" /><testcase classname="backend.tests.test_iteration5_features.TestPaymentHistory" name="test_payment_history_returns_transactions" time="0.432" /><testcase classname="backend.tests.test_iteration5_features.TestPaymentHistory" name="test_payment_history_transaction_structure" time="0.068" /><testcase classname="backend.tests.test_iteration5_features.TestALaCartePacks" name="test_purchase_pack_requires_auth" time="0.619"><failure message="assert 200 == 401&#10; +  where 200 = &lt;Response [200]&gt;.status_code">backend/tests/test_iteration5_features.py:147: in test_purchase_pack_requires_auth
    assert response.status_code == 401
E   assert 200 == 401
E    +  where 200 = &lt;Response [200]&gt;.status_code</failure></testcase><testcase classname="backend.tests.test_iteration5_features.TestALaCartePacks" name="test_purchase_pack_invalid_pack" time="0.059" /><testcase classname="backend.tests.test_iteration5_features.TestALaCartePacks" name="test_purchase_pack_ai_10" time="0.419" /><testcase classname="backend.tests.test_iteration5_features.TestALaCartePacks" name="test_purchase_pack_ai_50" time="0.478" /><testcase classname="backend.tests.test_iteration5_features.TestALaCartePacks" name="test_purchase_pack_promo_1" time="0.462" /><testcase classname="backend.tests.test_iteration5_features.TestALaCartePacks" name="test_pack_checkout_status_requires_auth" time="0.206"><failure message="assert 500 == 401&#10; +  where 500 = &lt;Response [500]&gt;.status_code">backend/tests/test_iteration5_features.py:202: in test_pack_checkout_status_requires_auth
    assert response.status_code == 401
E   assert 500 == 401
E    +  where 500 = &lt;Response [500]&gt;.status_code</failure></testcase><testcase classname="backend.tests.test_iteration5_features.TestCustomRoleManagement" name="test_list_custom_roles_requires_admin" time="0.408" /><testcase classname="backend.tests.test_iteration5_features.TestCustomRoleManagement" name="test_list_custom_roles" time="0.057" /><testcase classname="backend.tests.test_iteration5_features.TestCustomRoleManagement" name="test_create_custom_role" time="0.061" /><testcase classname="backend.tests.test_iteration5_features.TestCustomRoleManagement" name="test_create_duplicate_role_fails" time="0.113" /><testcase classname="backend.tests.test_iteration5_features.TestCustomRoleManagement" name="test_create_builtin_role_fails" time="0.059" /><testcase classname="backend.tests.test_iteration5_features.TestCustomRoleManagement" name="test_delete_custom_role" time="0.110" /><testcase classname="backend.tests.test_iteration5_features.TestCustomRoleManagement" name="test_delete_nonexistent_role" time="0.052" /><testcase classname="backend.tests.test_iteration5_features.TestAssignRoleWithCustomRoles" name="test_assign_builtin_role" time="0.120" /><testcase classname="backend.tests.test_iteration5_features.TestAssignRoleWithCustomRoles" name="test_assign_custom_role" time="0.172" /><testcase classname="backend.tests.test_iteration5_features.TestAssignRoleWithCustomRoles" name="test_assign_invalid_role_fails" time="0.119" /><testcase classname="backend.tests.test_iteration5_features.TestPostTypeTierGating" name="test_text_post_any_tier" time="0.129" /><testcase classname="backend.tests.test_iteration5_features.TestPostTypeTierGating" name="test_video_post_requires_ultra" time="0.054" /><testcase classname="backend.tests.test_iteration5_features.TestPostTypeTierGating" name="test_audio_post_requires_pro" time="0.059" /><testcase classname="backend.tests.test_iteration5_features.TestPostTypeTierGating" name="test_admin_can_create_video_post" time="0.055" /><testcase classname="backend.tests.test_iteration5_features.TestPostTypeTierGating" name="test_admin_can_create_audio_post" time="0.054" /><testcase classname="backend.tests.test_iteration5_features.TestPostTypeTierGating" name="test_video_post_requires_media_url" time="0.059" /><testcase classname="backend.tests.test_iteration5_features.TestPostTypeTierGating" name="test_audio_post_requires_media_url" time="0.066" /><testcase classname="backend.tests.test_iteration5_features.TestFeedPostsWithPostType" name="test_feed_posts_include_post_type" time="0.053" /><testcase classname="backend.tests.test_iteration5_features.TestFeedPostsWithPostType" name="test_video_post_has_media_url" time="0.123" /><testcase classname="backend.tests.test_iteration5_features.TestCleanup" name="test_cleanup_test_roles" time="0.218" /></testsuite></testsuites>