<?xml version="1.0" encoding="utf-8"?><testsuites name="pytest tests"><testsuite name="pytest" errors="0" failures="0" skipped="0" tests="21" time="6.458" timestamp="2026-04-01T19:28:29.139507+00:00" hostname="agent-env-b627773b-bcb4-4376-b872-dba68fbbded4"><testcase classname="backend.tests.test_certificates_api.TestHealthAndSetup" name="test_health_endpoint" time="0.227" /><testcase classname="backend.tests.test_certificates_api.TestAdminLogin" name="test_admin_login" time="0.346" /><testcase classname="backend.tests.test_certificates_api.TestAdminLogin" name="test_admin_is_breeder" time="0.128" /><testcase classname="backend.tests.test_certificates_api.TestCertificateFees" name="test_get_fees_mega_tier" time="0.476" /><testcase classname="backend.tests.test_certificates_api.TestPetOfTheWeek" name="test_pet_of_the_week_endpoint" time="0.453" /><testcase classname="backend.tests.test_certificates_api.TestCertificateRegistration" name="test_register_pet_certificate" time="0.458" /><testcase classname="backend.tests.test_certificates_api.TestCertificateRegistration" name="test_get_my_certificates" time="0.178" /><testcase classname="backend.tests.test_certificates_api.TestCertificateRegistration" name="test_get_issued_certificates" time="0.130" /><testcase classname="backend.tests.test_certificates_api.TestLitterRegistration" name="test_register_litter" time="0.472" /><testcase classname="backend.tests.test_certificates_api.TestLitterRegistration" name="test_get_my_litters" time="0.119" /><testcase classname="backend.tests.test_certificates_api.TestCertificateVerification" name="test_verify_existing_certificate" time="0.537" /><testcase classname="backend.tests.test_certificates_api.TestCertificateVerification" name="test_verify_nonexistent_certificate" time="0.175" /><testcase classname="backend.tests.test_certificates_api.TestCertificateTransfer" name="test_transfer_certificate" time="0.906" /><testcase classname="backend.tests.test_certificates_api.TestCertificateTransfer" name="test_transfer_nonexistent_certificate" time="0.119" /><testcase classname="backend.tests.test_certificates_api.TestCertificateTransfer" name="test_transfer_to_nonexistent_user" time="0.226" /><testcase classname="backend.tests.test_certificates_api.TestNonBreederAccess" name="test_non_breeder_cannot_register_cert" time="0.489" /><testcase classname="backend.tests.test_certificates_api.TestRegressionPhase1" name="test_feed_posts_still_work" time="0.438" /><testcase classname="backend.tests.test_certificates_api.TestRegressionPhase1" name="test_pets_endpoint_still_works" time="0.126" /><testcase classname="backend.tests.test_certificates_api.TestRegressionPhase1" name="test_breeder_directory_still_works" time="0.142" /><testcase classname="backend.tests.test_certificates_api.TestRegressionPhase1" name="test_search_still_works" time="0.115" /><testcase classname="backend.tests.test_certificates_api.TestRegressionPhase1" name="test_admin_stats_still_work" time="0.109" /></testsuite></testsuites>