<?xml version="1.0" encoding="utf-8"?><testsuites name="pytest tests"><testsuite name="pytest" errors="0" failures="0" skipped="0" tests="36" time="11.264" timestamp="2026-04-02T02:34:42.849597+00:00" hostname="agent-env-b627773b-bcb4-4376-b872-dba68fbbded4"><testcase classname="backend.tests.test_iteration7_features.TestNotifications" name="test_get_notifications_requires_auth" time="0.249" /><testcase classname="backend.tests.test_iteration7_features.TestNotifications" name="test_get_notifications_success" time="0.496" /><testcase classname="backend.tests.test_iteration7_features.TestNotifications" name="test_get_notifications_with_limit" time="0.106" /><testcase classname="backend.tests.test_iteration7_features.TestNotifications" name="test_mark_all_read_requires_auth" time="0.133" /><testcase classname="backend.tests.test_iteration7_features.TestNotifications" name="test_mark_all_read_success" time="0.587" /><testcase classname="backend.tests.test_iteration7_features.TestNotifications" name="test_notification_structure" time="0.112" /><testcase classname="backend.tests.test_iteration7_features.TestGroupChat" name="test_create_group_requires_auth" time="0.102" /><testcase classname="backend.tests.test_iteration7_features.TestGroupChat" name="test_create_group_requires_name" time="0.462" /><testcase classname="backend.tests.test_iteration7_features.TestGroupChat" name="test_create_group_requires_participants" time="0.101" /><testcase classname="backend.tests.test_iteration7_features.TestGroupChat" name="test_list_groups_requires_auth" time="0.095" /><testcase classname="backend.tests.test_iteration7_features.TestGroupChat" name="test_list_groups_success" time="0.117" /><testcase classname="backend.tests.test_iteration7_features.TestGroupChat" name="test_create_group_with_valid_participants" time="0.527" /><testcase classname="backend.tests.test_iteration7_features.TestGroupChat" name="test_group_appears_in_list" time="0.431" /><testcase classname="backend.tests.test_iteration7_features.TestGroupMessages" name="test_send_message_to_group" time="1.198" /><testcase classname="backend.tests.test_iteration7_features.TestMessageNotifications" name="test_message_creates_notification" time="1.823" /><testcase classname="backend.tests.test_iteration7_features.TestNewGames" name="test_treat_catcher_submit_requires_auth" time="0.102" /><testcase classname="backend.tests.test_iteration7_features.TestNewGames" name="test_treat_catcher_submit_success" time="0.752" /><testcase classname="backend.tests.test_iteration7_features.TestNewGames" name="test_treat_catcher_score_capped" time="0.111" /><testcase classname="backend.tests.test_iteration7_features.TestNewGames" name="test_pet_puzzle_submit_requires_auth" time="0.160" /><testcase classname="backend.tests.test_iteration7_features.TestNewGames" name="test_pet_puzzle_submit_success" time="0.337" /><testcase classname="backend.tests.test_iteration7_features.TestNewGames" name="test_pet_show_submit_requires_auth" time="0.147" /><testcase classname="backend.tests.test_iteration7_features.TestNewGames" name="test_pet_show_submit_success" time="0.316" /><testcase classname="backend.tests.test_iteration7_features.TestNewGames" name="test_pet_show_score_capped" time="0.119" /><testcase classname="backend.tests.test_iteration7_features.TestNewGames" name="test_all_games_available" time="0.117" /><testcase classname="backend.tests.test_iteration7_features.TestFileUpload" name="test_upload_requires_auth" time="0.105" /><testcase classname="backend.tests.test_iteration7_features.TestFileUpload" name="test_upload_rejects_invalid_type" time="0.466" /><testcase classname="backend.tests.test_iteration7_features.TestFileUpload" name="test_upload_image_success" time="0.231" /><testcase classname="backend.tests.test_iteration7_features.TestFileUpload" name="test_upload_returns_correct_media_type" time="0.213" /><testcase classname="backend.tests.test_iteration7_features.TestExistingFeatures" name="test_health_check" time="0.121" /><testcase classname="backend.tests.test_iteration7_features.TestExistingFeatures" name="test_auth_login" time="0.323" /><testcase classname="backend.tests.test_iteration7_features.TestExistingFeatures" name="test_feed_posts" time="0.446" /><testcase classname="backend.tests.test_iteration7_features.TestExistingFeatures" name="test_marketplace_listings" time="0.114" /><testcase classname="backend.tests.test_iteration7_features.TestExistingFeatures" name="test_chat_contacts" time="0.120" /><testcase classname="backend.tests.test_iteration7_features.TestExistingFeatures" name="test_chat_conversations" time="0.109" /><testcase classname="backend.tests.test_iteration7_features.TestExistingFeatures" name="test_games_leaderboard" time="0.107" /><testcase classname="backend.tests.test_iteration7_features.TestExistingFeatures" name="test_breed_quiz_start" time="0.093" /></testsuite></testsuites>