<?xml version="1.0" encoding="utf-8"?><testsuites name="pytest tests"><testsuite name="pytest" errors="0" failures="0" skipped="0" tests="28" time="12.161" timestamp="2026-04-02T08:59:43.877512+00:00" hostname="agent-env-b627773b-bcb4-4376-b872-dba68fbbded4"><testcase classname="backend.tests.test_iteration8_vip_features.TestHealthCheck" name="test_health_endpoint" time="0.111" /><testcase classname="backend.tests.test_iteration8_vip_features.TestAuthentication" name="test_admin_login" time="0.326" /><testcase classname="backend.tests.test_iteration8_vip_features.TestAuthentication" name="test_free_user_login" time="0.316" /><testcase classname="backend.tests.test_iteration8_vip_features.TestVIPDirectory" name="test_vip_directory_loads_for_admin" time="0.411" /><testcase classname="backend.tests.test_iteration8_vip_features.TestVIPDirectory" name="test_vip_directory_loads_for_free_user" time="0.426" /><testcase classname="backend.tests.test_iteration8_vip_features.TestVIPDirectory" name="test_vip_directory_search" time="0.441" /><testcase classname="backend.tests.test_iteration8_vip_features.TestVIPDirectory" name="test_vip_directory_species_filter" time="0.458" /><testcase classname="backend.tests.test_iteration8_vip_features.TestVIPPassPurchase" name="test_vip_pass_purchase_creates_checkout" time="0.435" /><testcase classname="backend.tests.test_iteration8_vip_features.TestVIPPassPurchase" name="test_vip_pass_blocked_for_subscribers" time="0.413" /><testcase classname="backend.tests.test_iteration8_vip_features.TestTrialFeatures" name="test_trial_status_endpoint" time="0.414" /><testcase classname="backend.tests.test_iteration8_vip_features.TestTrialFeatures" name="test_trial_status_for_admin" time="0.450" /><testcase classname="backend.tests.test_iteration8_vip_features.TestTrialFeatures" name="test_start_trial_blocked_for_subscribers" time="0.431" /><testcase classname="backend.tests.test_iteration8_vip_features.TestTrialFeatures" name="test_start_trial_for_free_user" time="0.431" /><testcase classname="backend.tests.test_iteration8_vip_features.TestCancellationFeatures" name="test_cancellation_fee_endpoint" time="0.431" /><testcase classname="backend.tests.test_iteration8_vip_features.TestCancellationFeatures" name="test_cancellation_fee_for_trial_user" time="0.434" /><testcase classname="backend.tests.test_iteration8_vip_features.TestCancellationFeatures" name="test_cancel_subscription_for_trial_user" time="0.954" /><testcase classname="backend.tests.test_iteration8_vip_features.TestCancellationFeatures" name="test_cancel_subscription_creates_checkout_for_subscriber" time="0.803" /><testcase classname="backend.tests.test_iteration8_vip_features.TestAvatarPresets" name="test_get_avatar_presets" time="0.430" /><testcase classname="backend.tests.test_iteration8_vip_features.TestAvatarPresets" name="test_avatar_presets_for_trial_user" time="0.435" /><testcase classname="backend.tests.test_iteration8_vip_features.TestAvatarPresets" name="test_update_avatar_to_default" time="0.421" /><testcase classname="backend.tests.test_iteration8_vip_features.TestAvatarPresets" name="test_update_avatar_to_premium" time="0.441" /><testcase classname="backend.tests.test_iteration8_vip_features.TestAvatarPresets" name="test_premium_avatar_allowed_for_trial_user" time="0.420" /><testcase classname="backend.tests.test_iteration8_vip_features.TestAvatarPresets" name="test_free_avatar_allowed_for_free_user" time="0.436" /><testcase classname="backend.tests.test_iteration8_vip_features.TestTrialExpiryCheck" name="test_me_endpoint_returns_user_data" time="0.423" /><testcase classname="backend.tests.test_iteration8_vip_features.TestTrialExpiryCheck" name="test_me_endpoint_for_free_user" time="0.429" /><testcase classname="backend.tests.test_iteration8_vip_features.TestExistingFeatures" name="test_regular_breeder_directory" time="0.427" /><testcase classname="backend.tests.test_iteration8_vip_features.TestExistingFeatures" name="test_feed_posts" time="0.425" /><testcase classname="backend.tests.test_iteration8_vip_features.TestExistingFeatures" name="test_stripe_publishable_key" time="0.093" /></testsuite></testsuites>