<?xml version="1.0" encoding="utf-8"?><testsuites name="pytest tests"><testsuite name="pytest" errors="0" failures="1" skipped="0" tests="22" time="16.802" timestamp="2026-04-02T09:40:27.541703+00:00" hostname="agent-env-b627773b-bcb4-4376-b872-dba68fbbded4"><testcase classname="backend.tests.test_iteration9_live_streaming.TestLiveStreamingBackend" name="test_eligibility_admin_mega_tier" time="0.852" /><testcase classname="backend.tests.test_iteration9_live_streaming.TestLiveStreamingBackend" name="test_eligibility_free_user_on_trial" time="0.811" /><testcase classname="backend.tests.test_iteration9_live_streaming.TestLiveStreamingBackend" name="test_eligibility_returns_time_packs" time="0.745" /><testcase classname="backend.tests.test_iteration9_live_streaming.TestLiveStreamingBackend" name="test_start_stream_success" time="0.767" /><testcase classname="backend.tests.test_iteration9_live_streaming.TestLiveStreamingBackend" name="test_start_stream_already_streaming" time="0.762" /><testcase classname="backend.tests.test_iteration9_live_streaming.TestLiveStreamingBackend" name="test_get_active_streams" time="0.746" /><testcase classname="backend.tests.test_iteration9_live_streaming.TestLiveStreamingBackend" name="test_get_active_streams_with_category_filter" time="0.752" /><testcase classname="backend.tests.test_iteration9_live_streaming.TestLiveStreamingBackend" name="test_get_stream_details" time="0.747" /><testcase classname="backend.tests.test_iteration9_live_streaming.TestLiveStreamingBackend" name="test_get_stream_not_found" time="0.780" /><testcase classname="backend.tests.test_iteration9_live_streaming.TestLiveStreamingBackend" name="test_like_stream_toggle" time="0.864" /><testcase classname="backend.tests.test_iteration9_live_streaming.TestLiveStreamingBackend" name="test_get_my_streams" time="0.748" /><testcase classname="backend.tests.test_iteration9_live_streaming.TestLiveStreamingBackend" name="test_purchase_time_points_success" time="0.853" /><testcase classname="backend.tests.test_iteration9_live_streaming.TestLiveStreamingBackend" name="test_purchase_time_points_invalid_pack" time="0.735" /><testcase classname="backend.tests.test_iteration9_live_streaming.TestLiveStreamingBackend" name="test_purchase_time_points_not_enough_points" time="0.884" /><testcase classname="backend.tests.test_iteration9_live_streaming.TestLiveStreamingBackend" name="test_get_recordings" time="0.760" /><testcase classname="backend.tests.test_iteration9_live_streaming.TestLiveStreamingBackend" name="test_end_stream_success" time="0.750" /><testcase classname="backend.tests.test_iteration9_live_streaming.TestLiveStreamingBackend" name="test_end_stream_already_ended" time="0.759" /><testcase classname="backend.tests.test_iteration9_live_streaming.TestLiveStreamingBackend" name="test_end_stream_not_broadcaster" time="0.791" /><testcase classname="backend.tests.test_iteration9_live_streaming.TestLiveStreamingStripeIntegration" name="test_purchase_live_30_pack" time="0.956" /><testcase classname="backend.tests.test_iteration9_live_streaming.TestLiveStreamingStripeIntegration" name="test_purchase_live_60_pack" time="0.774" /><testcase classname="backend.tests.test_iteration9_live_streaming.TestWebSocketEndpoint" name="test_websocket_endpoint_exists" time="0.431"><failure message="AssertionError: WebSocket endpoint should exist, got 404&#10;assert 404 in [400, 403, 426, 500]&#10; +  where 404 = &lt;Response [404]&gt;.status_code">backend/tests/test_iteration9_live_streaming.py:499: in test_websocket_endpoint_exists
    assert res.status_code in [400, 403, 426, 500], f"WebSocket endpoint should exist, got {res.status_code}"
E   AssertionError: WebSocket endpoint should exist, got 404
E   assert 404 in [400, 403, 426, 500]
E    +  where 404 = &lt;Response [404]&gt;.status_code</failure></testcase><testcase classname="backend.tests.test_iteration9_live_streaming.TestCleanup" name="test_cleanup_test_streams" time="0.420" /></testsuite></testsuites>