<?xml version="1.0" encoding="utf-8"?><testsuites name="pytest tests"><testsuite name="pytest" errors="0" failures="0" skipped="0" tests="19" time="9.286" timestamp="2026-04-01T21:06:24.606667+00:00" hostname="agent-env-b627773b-bcb4-4376-b872-dba68fbbded4"><testcase classname="backend.tests.test_stripe_integration.TestHealthAndAuth" name="test_health_check" time="0.289" /><testcase classname="backend.tests.test_stripe_integration.TestHealthAndAuth" name="test_admin_login" time="0.285" /><testcase classname="backend.tests.test_stripe_integration.TestHealthAndAuth" name="test_auth_me" time="0.335" /><testcase classname="backend.tests.test_stripe_integration.TestStripePublishableKey" name="test_get_publishable_key" time="0.077" /><testcase classname="backend.tests.test_stripe_integration.TestCreateCheckoutSession" name="test_create_checkout_session_prime" time="0.601" /><testcase classname="backend.tests.test_stripe_integration.TestCreateCheckoutSession" name="test_create_checkout_session_pro" time="0.438" /><testcase classname="backend.tests.test_stripe_integration.TestCreateCheckoutSession" name="test_create_checkout_session_ultra" time="0.403" /><testcase classname="backend.tests.test_stripe_integration.TestCreateCheckoutSession" name="test_create_checkout_session_mega" time="0.390" /><testcase classname="backend.tests.test_stripe_integration.TestCreateCheckoutSession" name="test_create_checkout_session_invalid_tier" time="0.060" /><testcase classname="backend.tests.test_stripe_integration.TestCreateCheckoutSession" name="test_create_checkout_session_no_auth" time="0.161" /><testcase classname="backend.tests.test_stripe_integration.TestCheckoutStatus" name="test_checkout_status_valid_session" time="0.708" /><testcase classname="backend.tests.test_stripe_integration.TestCheckoutStatus" name="test_checkout_status_invalid_session" time="0.207" /><testcase classname="backend.tests.test_stripe_integration.TestCheckoutStatus" name="test_checkout_status_no_auth" time="0.129" /><testcase classname="backend.tests.test_stripe_integration.TestStripeWebhook" name="test_webhook_endpoint_exists" time="0.057" /><testcase classname="backend.tests.test_stripe_integration.TestPaymentTransactionsCollection" name="test_transaction_created_on_checkout" time="0.634" /><testcase classname="backend.tests.test_stripe_integration.TestTierAmounts" name="test_prime_amount" time="0.765" /><testcase classname="backend.tests.test_stripe_integration.TestTierAmounts" name="test_pro_amount" time="0.660" /><testcase classname="backend.tests.test_stripe_integration.TestTierAmounts" name="test_ultra_amount" time="0.654" /><testcase classname="backend.tests.test_stripe_integration.TestTierAmounts" name="test_mega_amount" time="2.346" /></testsuite></testsuites>