<?xml version="1.0" encoding="utf-8"?><testsuites name="pytest tests"><testsuite name="pytest" errors="0" failures="0" skipped="0" tests="13" time="2.968" timestamp="2026-04-02T09:57:44.925393+00:00" hostname="agent-env-b627773b-bcb4-4376-b872-dba68fbbded4"><testcase classname="backend.tests.test_iteration10_tip_feature.TestTipPresets" name="test_tip_presets_returns_points_and_card_options" time="0.398" /><testcase classname="backend.tests.test_iteration10_tip_feature.TestPointsTip" name="test_tip_rejects_invalid_amount" time="0.463" /><testcase classname="backend.tests.test_iteration10_tip_feature.TestPointsTip" name="test_tip_rejects_self_tipping" time="0.143" /><testcase classname="backend.tests.test_iteration10_tip_feature.TestPointsTip" name="test_tip_rejects_insufficient_points" time="0.471" /><testcase classname="backend.tests.test_iteration10_tip_feature.TestPointsTip" name="test_tip_rejects_nonexistent_stream" time="0.087" /><testcase classname="backend.tests.test_iteration10_tip_feature.TestPointsTip" name="test_tip_success_deducts_and_credits_points" time="0.240" /><testcase classname="backend.tests.test_iteration10_tip_feature.TestCardTip" name="test_tip_card_creates_stripe_checkout" time="0.400" /><testcase classname="backend.tests.test_iteration10_tip_feature.TestCardTip" name="test_tip_card_rejects_invalid_pack" time="0.044" /><testcase classname="backend.tests.test_iteration10_tip_feature.TestCardTip" name="test_tip_card_rejects_nonexistent_stream" time="0.046" /><testcase classname="backend.tests.test_iteration10_tip_feature.TestStreamTips" name="test_get_stream_tips_returns_tips_list" time="0.241" /><testcase classname="backend.tests.test_iteration10_tip_feature.TestStreamTips" name="test_get_stream_tips_nonexistent_stream" time="0.044" /><testcase classname="backend.tests.test_iteration10_tip_feature.TestMyTipsReceived" name="test_my_tips_received_returns_tips" time="0.047" /><testcase classname="backend.tests.test_iteration10_tip_feature.TestTipOnEndedStream" name="test_tip_rejects_ended_stream" time="0.291" /></testsuite></testsuites>