<?xml version="1.0" encoding="utf-8"?><testsuites name="pytest tests"><testsuite name="pytest" errors="0" failures="0" skipped="0" tests="30" time="8.750" timestamp="2026-04-02T02:07:47.845324+00:00" hostname="agent-env-b627773b-bcb4-4376-b872-dba68fbbded4"><testcase classname="backend.tests.test_iteration6_features.TestAuth" name="test_admin_login" time="0.487" /><testcase classname="backend.tests.test_iteration6_features.TestAuth" name="test_free_user_login" time="0.363" /><testcase classname="backend.tests.test_iteration6_features.TestChatEndpoints" name="test_get_contacts" time="0.481" /><testcase classname="backend.tests.test_iteration6_features.TestChatEndpoints" name="test_get_contacts_requires_auth" time="0.113" /><testcase classname="backend.tests.test_iteration6_features.TestChatEndpoints" name="test_get_conversations" time="0.125" /><testcase classname="backend.tests.test_iteration6_features.TestChatEndpoints" name="test_create_conversation" time="0.604" /><testcase classname="backend.tests.test_iteration6_features.TestChatEndpoints" name="test_send_message" time="0.398" /><testcase classname="backend.tests.test_iteration6_features.TestChatEndpoints" name="test_get_messages" time="0.343" /><testcase classname="backend.tests.test_iteration6_features.TestChatEndpoints" name="test_get_unread_count" time="0.134" /><testcase classname="backend.tests.test_iteration6_features.TestChatEndpoints" name="test_cannot_chat_with_self" time="0.217" /><testcase classname="backend.tests.test_iteration6_features.TestChatEndpoints" name="test_empty_message_rejected" time="0.374" /><testcase classname="backend.tests.test_iteration6_features.TestMarketplaceEndpoints" name="test_get_listings" time="0.442" /><testcase classname="backend.tests.test_iteration6_features.TestMarketplaceEndpoints" name="test_get_listings_with_category_filter" time="0.106" /><testcase classname="backend.tests.test_iteration6_features.TestMarketplaceEndpoints" name="test_get_listings_with_search" time="0.124" /><testcase classname="backend.tests.test_iteration6_features.TestMarketplaceEndpoints" name="test_get_listings_with_sort" time="0.124" /><testcase classname="backend.tests.test_iteration6_features.TestMarketplaceEndpoints" name="test_create_listing" time="0.141" /><testcase classname="backend.tests.test_iteration6_features.TestMarketplaceEndpoints" name="test_get_listing_detail" time="0.289" /><testcase classname="backend.tests.test_iteration6_features.TestMarketplaceEndpoints" name="test_get_listing_increments_views" time="0.369" /><testcase classname="backend.tests.test_iteration6_features.TestMarketplaceEndpoints" name="test_delete_own_listing" time="0.350" /><testcase classname="backend.tests.test_iteration6_features.TestMarketplaceEndpoints" name="test_cannot_delete_others_listing" time="0.562" /><testcase classname="backend.tests.test_iteration6_features.TestMarketplaceEndpoints" name="test_send_inquiry" time="0.226" /><testcase classname="backend.tests.test_iteration6_features.TestMarketplaceEndpoints" name="test_get_my_listings" time="0.122" /><testcase classname="backend.tests.test_iteration6_features.TestGamesEndpoints" name="test_get_available_games" time="0.448" /><testcase classname="backend.tests.test_iteration6_features.TestGamesEndpoints" name="test_get_leaderboard" time="0.114" /><testcase classname="backend.tests.test_iteration6_features.TestGamesEndpoints" name="test_start_breed_quiz" time="0.457" /><testcase classname="backend.tests.test_iteration6_features.TestGamesEndpoints" name="test_submit_breed_quiz" time="0.212" /><testcase classname="backend.tests.test_iteration6_features.TestGamesEndpoints" name="test_get_checkin_status" time="0.119" /><testcase classname="backend.tests.test_iteration6_features.TestGamesEndpoints" name="test_daily_checkin_free_user" time="0.224" /><testcase classname="backend.tests.test_iteration6_features.TestGamesEndpoints" name="test_invalid_quiz_session" time="0.131" /><testcase classname="backend.tests.test_iteration6_features.TestFeedPromotedPosts" name="test_feed_posts_sorted_by_promoted" time="0.443" /></testsuite></testsuites>